<?xml version="1.0" encoding="UTF-8"?>
<testng-results ignored="16" total="17" passed="1" failed="0" skipped="0">
  <reporter-output>
  </reporter-output>
  <suite started-at="2023-03-18T18:45:19 BDT" name="Surefire suite" finished-at="2023-03-18T18:45:56 BDT" duration-ms="36931">
    <groups>
    </groups>
    <test started-at="2023-03-18T18:45:19 BDT" name="Surefire test" finished-at="2023-03-18T18:45:56 BDT" duration-ms="36931">
      <class name="testcases.Testallpages">
        <test-method signature="TestPages()[pri:0, instance:testcases.Testallpages@2b9ed6da]" started-at="2023-03-18T18:45:20 BDT" name="TestPages" description="TestPages" finished-at="2023-03-18T18:45:56 BDT" duration-ms="36734" status="PASS">
          <reporter-output>
          </reporter-output>
        </test-method> <!-- TestPages -->
      </class> <!-- testcases.Testallpages -->
      <class name="pages.basepage">
        <test-method is-config="true" signature="setBrowser()[pri:0, instance:pages.basepage@2b72cb8a]" started-at="2023-03-18T18:45:15 BDT" name="setBrowser" finished-at="2023-03-18T18:45:19 BDT" duration-ms="4811" status="PASS">
          <reporter-output>
          </reporter-output>
        </test-method> <!-- setBrowser -->
        <test-method is-config="true" signature="quitBrowser()[pri:0, instance:pages.basepage@2b72cb8a]" started-at="2023-03-18T18:45:56 BDT" name="quitBrowser" finished-at="2023-03-18T18:45:57 BDT" duration-ms="666" status="PASS">
          <reporter-output>
          </reporter-output>
        </test-method> <!-- quitBrowser -->
      </class> <!-- pages.basepage -->
    </test> <!-- Surefire test -->
  </suite> <!-- Surefire suite -->
</testng-results>
