<?xml version="1.0" encoding="UTF-8"?>
<testng-results ignored="0" total="1" passed="1" failed="0" skipped="0">
  <reporter-output>
  </reporter-output>
  <suite started-at="2023-03-31T22:10:30 BDT" name="Default suite" finished-at="2023-03-31T22:11:19 BDT" duration-ms="48823">
    <groups>
    </groups>
    <test started-at="2023-03-31T22:10:30 BDT" name="Default test" finished-at="2023-03-31T22:11:19 BDT" duration-ms="48823">
      <class name="testcases.Testallpages">
        <test-method is-config="true" signature="setBrowser()[pri:0, instance:testcases.Testallpages@359df09a]" started-at="2023-03-31T22:10:30 BDT" name="setBrowser" finished-at="2023-03-31T22:10:35 BDT" duration-ms="5223" status="PASS">
          <reporter-output>
          </reporter-output>
        </test-method> <!-- setBrowser -->
        <test-method signature="TestPages()[pri:0, instance:testcases.Testallpages@359df09a]" started-at="2023-03-31T22:10:35 BDT" name="TestPages" description="TestPages" finished-at="2023-03-31T22:11:18 BDT" duration-ms="42461" status="PASS">
          <reporter-output>
          </reporter-output>
        </test-method> <!-- TestPages -->
        <test-method is-config="true" signature="quitBrowser()[pri:0, instance:testcases.Testallpages@359df09a]" started-at="2023-03-31T22:11:18 BDT" name="quitBrowser" finished-at="2023-03-31T22:11:19 BDT" duration-ms="651" status="PASS">
          <reporter-output>
          </reporter-output>
        </test-method> <!-- quitBrowser -->
      </class> <!-- testcases.Testallpages -->
    </test> <!-- Default test -->
  </suite> <!-- Default suite -->
</testng-results>
